2025-12-11 03:11:21 PM - [koswat_handler.py:140] - root - INFO - Initialized Koswat.
2025-12-11 03:11:21 PM - [koswat_run_settings_importer.py:91] - root - INFO - Importing CSV configuration from C:\Users\stouten\GitHub\Repos\Koswat\basic_case\Voorbeeld_Project\aangepast_project.json
2025-12-11 03:11:21 PM - [koswat_costs_importer.py:62] - root - INFO - Importing costs settings from C:\Users\stouten\GitHub\Repos\Koswat\basic_case\Voorbeeld_Project\eenheidsprijzen_2023.json.
2025-12-11 03:11:21 PM - [surroundings_enum.py:81] - root - INFO - Surrounding type: bebouwing is mapped to buildings
2025-12-11 03:11:21 PM - [surroundings_enum.py:81] - root - INFO - Surrounding type: water is mapped to waters
2025-12-11 03:11:22 PM - [surroundings_enum.py:81] - root - INFO - Surrounding type: wegen_binnendijks_klasse2 is mapped to roads_class_2_polderside
2025-12-11 03:11:23 PM - [surroundings_enum.py:81] - root - INFO - Surrounding type: wegen_binnendijks_klasse24 is mapped to roads_class_24_polderside
2025-12-11 03:11:23 PM - [surroundings_enum.py:81] - root - INFO - Surrounding type: wegen_binnendijks_klasse7 is mapped to roads_class_7_polderside
2025-12-11 03:11:24 PM - [surroundings_enum.py:81] - root - INFO - Surrounding type: wegen_binnendijks_klasseonbekend is mapped to roads_class_unknown_polderside
2025-12-11 03:11:29 PM - [surroundings_enum.py:81] - root - INFO - Surrounding type: bebouwing is mapped to buildings
2025-12-11 03:11:30 PM - [surroundings_enum.py:81] - root - INFO - Surrounding type: water is mapped to waters
2025-12-11 03:11:30 PM - [surroundings_enum.py:81] - root - INFO - Surrounding type: wegen_binnendijks_klasse2 is mapped to roads_class_2_polderside
2025-12-11 03:11:32 PM - [surroundings_enum.py:81] - root - INFO - Surrounding type: wegen_binnendijks_klasse24 is mapped to roads_class_24_polderside
2025-12-11 03:11:33 PM - [surroundings_enum.py:81] - root - INFO - Surrounding type: wegen_binnendijks_klasseonbekend is mapped to roads_class_unknown_polderside
2025-12-11 03:11:39 PM - [koswat_run_settings_importer.py:124] - root - INFO - Importing CSV configuration completed.
2025-12-11 03:11:39 PM - [koswat_run_settings_importer.py:127] - root - INFO - Mapping data to Koswat Settings
2025-12-11 03:11:39 PM - [koswat_run_settings_importer.py:182] - root - INFO - Creating scenarios for profile 48-2-2-B-1-C.
2025-12-11 03:11:39 PM - [koswat_run_settings_importer.py:195] - root - INFO - Created sub scenario scenario.
2025-12-11 03:11:39 PM - [koswat_run_settings_importer.py:182] - root - INFO - Creating scenarios for profile 48-2-2-B-1-D.
2025-12-11 03:11:39 PM - [koswat_run_settings_importer.py:195] - root - INFO - Created sub scenario scenario.
2025-12-11 03:11:39 PM - [koswat_run_settings_importer.py:182] - root - INFO - Creating scenarios for profile 48-2-3-A-1-A.
2025-12-11 03:11:39 PM - [koswat_run_settings_importer.py:195] - root - INFO - Created sub scenario scenario.
2025-12-11 03:11:39 PM - [koswat_run_settings_importer.py:182] - root - INFO - Creating scenarios for profile 48-2-3-A-1-B.
2025-12-11 03:11:39 PM - [koswat_run_settings_importer.py:195] - root - INFO - Created sub scenario scenario.
2025-12-11 03:11:39 PM - [koswat_run_settings_importer.py:182] - root - INFO - Creating scenarios for profile 48-2-3-A-1-C.
2025-12-11 03:11:39 PM - [koswat_run_settings_importer.py:195] - root - INFO - Created sub scenario scenario.
2025-12-11 03:11:39 PM - [koswat_run_settings_importer.py:182] - root - INFO - Creating scenarios for profile 48-2-3-A-2-A.
2025-12-11 03:11:39 PM - [koswat_run_settings_importer.py:195] - root - INFO - Created sub scenario scenario.
2025-12-11 03:11:39 PM - [koswat_run_settings_importer.py:198] - root - INFO - Finished generating koswat scenarios. A total of 6 scenarios were created.
2025-12-11 03:11:39 PM - [koswat_run_settings_importer.py:136] - root - INFO - Settings import completed.
2025-12-11 03:11:39 PM - [koswat_summary_builder.py:140] - root - INFO - Creating analysis for 48-2-2-B-1-C - scenario  - scenario
2025-12-11 03:11:39 PM - [reinforcement_profile_builder_base.py:85] - root - INFO - Building reinforcement SoilReinforcementProfile
2025-12-11 03:11:39 PM - [reinforcement_profile_builder_base.py:95] - root - INFO - Built reinforcement Grondmaatregel profiel
2025-12-11 03:11:39 PM - [reinforcement_profile_builder_base.py:85] - root - INFO - Building reinforcement VPSReinforcementProfile
2025-12-11 03:11:39 PM - [reinforcement_profile_builder_base.py:95] - root - INFO - Built reinforcement Verticale piping oplossing
2025-12-11 03:11:39 PM - [reinforcement_profile_builder_base.py:85] - root - INFO - Building reinforcement PipingWallReinforcementProfile
2025-12-11 03:11:39 PM - [reinforcement_profile_builder_base.py:95] - root - INFO - Built reinforcement Kwelscherm
2025-12-11 03:11:39 PM - [reinforcement_profile_builder_base.py:85] - root - INFO - Building reinforcement StabilityWallReinforcementProfile
2025-12-11 03:11:39 PM - [reinforcement_profile_builder_base.py:95] - root - INFO - Built reinforcement Stabiliteitswand
2025-12-11 03:11:39 PM - [reinforcement_profile_builder_base.py:85] - root - INFO - Building reinforcement CofferdamReinforcementProfile
2025-12-11 03:11:39 PM - [reinforcement_profile_builder_base.py:95] - root - INFO - Built reinforcement Kistdam
2025-12-11 03:11:41 PM - [koswat_summary_location_matrix_builder.py:137] - root - INFO - Initalizing locations-reinforcements matrix.
2025-12-11 03:11:41 PM - [koswat_summary_location_matrix_builder.py:176] - root - INFO - Finalized locations-reinforcements matrix.
2025-12-11 03:11:41 PM - [order_strategy_clustering.py:90] - root - INFO - Non-compliant clusters found for Grondmaatregel profiel: 0
2025-12-11 03:11:41 PM - [order_strategy_clustering.py:90] - root - INFO - Non-compliant clusters found for Kwelscherm: 1
2025-12-11 03:11:48 PM - [koswat_handler.py:66] - root - INFO - Analysis created.
2025-12-11 03:11:48 PM - [koswat_handler.py:74] - root - INFO - Exporting csv results to C:\Users\stouten\GitHub\Repos\Koswat\basic_case\Voorbeeld_Project\uitvoer\dike_48-2-2-B-1-C\scenario_scenario.
2025-12-11 03:11:49 PM - [raw.py:723] - pyogrio._io - INFO - Created 2 records
2025-12-11 03:11:49 PM - [raw.py:723] - pyogrio._io - INFO - Created 2 records
2025-12-11 03:11:49 PM - [raw.py:723] - pyogrio._io - INFO - Created 2 records
2025-12-11 03:11:50 PM - [raw.py:723] - pyogrio._io - INFO - Created 2 records
2025-12-11 03:11:50 PM - [koswat_handler.py:80] - root - INFO - Exported summary results to: C:\Users\stouten\GitHub\Repos\Koswat\basic_case\Voorbeeld_Project\uitvoer\dike_48-2-2-B-1-C\scenario_scenario
2025-12-11 03:11:51 PM - [koswat_handler.py:92] - root - INFO - Exported comparison plots to: C:\Users\stouten\GitHub\Repos\Koswat\basic_case\Voorbeeld_Project\uitvoer\dike_48-2-2-B-1-C\scenario_scenario
2025-12-11 03:11:52 PM - [koswat_handler.py:92] - root - INFO - Exported comparison plots to: C:\Users\stouten\GitHub\Repos\Koswat\basic_case\Voorbeeld_Project\uitvoer\dike_48-2-2-B-1-C\scenario_scenario
2025-12-11 03:11:53 PM - [koswat_handler.py:92] - root - INFO - Exported comparison plots to: C:\Users\stouten\GitHub\Repos\Koswat\basic_case\Voorbeeld_Project\uitvoer\dike_48-2-2-B-1-C\scenario_scenario
2025-12-11 03:11:55 PM - [koswat_handler.py:92] - root - INFO - Exported comparison plots to: C:\Users\stouten\GitHub\Repos\Koswat\basic_case\Voorbeeld_Project\uitvoer\dike_48-2-2-B-1-C\scenario_scenario
2025-12-11 03:11:56 PM - [koswat_handler.py:92] - root - INFO - Exported comparison plots to: C:\Users\stouten\GitHub\Repos\Koswat\basic_case\Voorbeeld_Project\uitvoer\dike_48-2-2-B-1-C\scenario_scenario
2025-12-11 03:11:56 PM - [koswat_summary_builder.py:140] - root - INFO - Creating analysis for 48-2-2-B-1-D - scenario  - scenario
2025-12-11 03:11:56 PM - [reinforcement_profile_builder_base.py:85] - root - INFO - Building reinforcement SoilReinforcementProfile
2025-12-11 03:11:56 PM - [reinforcement_profile_builder_base.py:95] - root - INFO - Built reinforcement Grondmaatregel profiel
2025-12-11 03:11:56 PM - [reinforcement_profile_builder_base.py:85] - root - INFO - Building reinforcement VPSReinforcementProfile
2025-12-11 03:11:56 PM - [reinforcement_profile_builder_base.py:95] - root - INFO - Built reinforcement Verticale piping oplossing
2025-12-11 03:11:56 PM - [reinforcement_profile_builder_base.py:85] - root - INFO - Building reinforcement PipingWallReinforcementProfile
2025-12-11 03:11:56 PM - [reinforcement_profile_builder_base.py:95] - root - INFO - Built reinforcement Kwelscherm
2025-12-11 03:11:56 PM - [reinforcement_profile_builder_base.py:85] - root - INFO - Building reinforcement StabilityWallReinforcementProfile
2025-12-11 03:11:56 PM - [reinforcement_profile_builder_base.py:95] - root - INFO - Built reinforcement Stabiliteitswand
2025-12-11 03:11:56 PM - [reinforcement_profile_builder_base.py:85] - root - INFO - Building reinforcement CofferdamReinforcementProfile
2025-12-11 03:11:56 PM - [reinforcement_profile_builder_base.py:95] - root - INFO - Built reinforcement Kistdam
2025-12-11 03:11:59 PM - [koswat_summary_location_matrix_builder.py:137] - root - INFO - Initalizing locations-reinforcements matrix.
2025-12-11 03:12:01 PM - [koswat_summary_location_matrix_builder.py:176] - root - INFO - Finalized locations-reinforcements matrix.
2025-12-11 03:12:01 PM - [order_strategy_clustering.py:90] - root - INFO - Non-compliant clusters found for Grondmaatregel profiel: 8
2025-12-11 03:12:01 PM - [order_strategy_clustering.py:90] - root - INFO - Non-compliant clusters found for Kwelscherm: 11
2025-12-11 03:12:01 PM - [order_cluster.py:97] - root - WARNING - Trying to extend cluster from an unrelated one.
2025-12-11 03:12:05 PM - [koswat_handler.py:66] - root - INFO - Analysis created.
2025-12-11 03:12:05 PM - [koswat_handler.py:74] - root - INFO - Exporting csv results to C:\Users\stouten\GitHub\Repos\Koswat\basic_case\Voorbeeld_Project\uitvoer\dike_48-2-2-B-1-D\scenario_scenario.
2025-12-11 03:12:08 PM - [raw.py:723] - pyogrio._io - INFO - Created 20 records
2025-12-11 03:12:08 PM - [raw.py:723] - pyogrio._io - INFO - Created 20 records
2025-12-11 03:12:08 PM - [raw.py:723] - pyogrio._io - INFO - Created 20 records
2025-12-11 03:12:08 PM - [raw.py:723] - pyogrio._io - INFO - Created 20 records
2025-12-11 03:12:08 PM - [koswat_handler.py:80] - root - INFO - Exported summary results to: C:\Users\stouten\GitHub\Repos\Koswat\basic_case\Voorbeeld_Project\uitvoer\dike_48-2-2-B-1-D\scenario_scenario
2025-12-11 03:12:09 PM - [koswat_handler.py:92] - root - INFO - Exported comparison plots to: C:\Users\stouten\GitHub\Repos\Koswat\basic_case\Voorbeeld_Project\uitvoer\dike_48-2-2-B-1-D\scenario_scenario
2025-12-11 03:12:11 PM - [koswat_handler.py:92] - root - INFO - Exported comparison plots to: C:\Users\stouten\GitHub\Repos\Koswat\basic_case\Voorbeeld_Project\uitvoer\dike_48-2-2-B-1-D\scenario_scenario
2025-12-11 03:12:12 PM - [koswat_handler.py:92] - root - INFO - Exported comparison plots to: C:\Users\stouten\GitHub\Repos\Koswat\basic_case\Voorbeeld_Project\uitvoer\dike_48-2-2-B-1-D\scenario_scenario
2025-12-11 03:12:13 PM - [koswat_handler.py:92] - root - INFO - Exported comparison plots to: C:\Users\stouten\GitHub\Repos\Koswat\basic_case\Voorbeeld_Project\uitvoer\dike_48-2-2-B-1-D\scenario_scenario
2025-12-11 03:12:14 PM - [koswat_handler.py:92] - root - INFO - Exported comparison plots to: C:\Users\stouten\GitHub\Repos\Koswat\basic_case\Voorbeeld_Project\uitvoer\dike_48-2-2-B-1-D\scenario_scenario
2025-12-11 03:12:14 PM - [koswat_summary_builder.py:140] - root - INFO - Creating analysis for 48-2-3-A-1-A - scenario  - scenario
2025-12-11 03:12:14 PM - [reinforcement_profile_builder_base.py:85] - root - INFO - Building reinforcement SoilReinforcementProfile
2025-12-11 03:12:14 PM - [reinforcement_profile_builder_base.py:95] - root - INFO - Built reinforcement Grondmaatregel profiel
2025-12-11 03:12:14 PM - [reinforcement_profile_builder_base.py:85] - root - INFO - Building reinforcement VPSReinforcementProfile
2025-12-11 03:12:14 PM - [reinforcement_profile_builder_base.py:95] - root - INFO - Built reinforcement Verticale piping oplossing
2025-12-11 03:12:14 PM - [reinforcement_profile_builder_base.py:85] - root - INFO - Building reinforcement PipingWallReinforcementProfile
2025-12-11 03:12:14 PM - [reinforcement_profile_builder_base.py:95] - root - INFO - Built reinforcement Kwelscherm
2025-12-11 03:12:14 PM - [reinforcement_profile_builder_base.py:85] - root - INFO - Building reinforcement StabilityWallReinforcementProfile
2025-12-11 03:12:14 PM - [reinforcement_profile_builder_base.py:95] - root - INFO - Built reinforcement Stabiliteitswand
2025-12-11 03:12:14 PM - [reinforcement_profile_builder_base.py:85] - root - INFO - Building reinforcement CofferdamReinforcementProfile
2025-12-11 03:12:14 PM - [reinforcement_profile_builder_base.py:95] - root - INFO - Built reinforcement Kistdam
2025-12-11 03:12:15 PM - [koswat_summary_location_matrix_builder.py:137] - root - INFO - Initalizing locations-reinforcements matrix.
2025-12-11 03:12:15 PM - [koswat_summary_location_matrix_builder.py:176] - root - INFO - Finalized locations-reinforcements matrix.
2025-12-11 03:12:15 PM - [order_strategy_clustering.py:90] - root - INFO - Non-compliant clusters found for Grondmaatregel profiel: 0
2025-12-11 03:12:15 PM - [order_strategy_clustering.py:90] - root - INFO - Non-compliant clusters found for Stabiliteitswand: 0
2025-12-11 03:12:16 PM - [koswat_handler.py:66] - root - INFO - Analysis created.
2025-12-11 03:12:16 PM - [koswat_handler.py:74] - root - INFO - Exporting csv results to C:\Users\stouten\GitHub\Repos\Koswat\basic_case\Voorbeeld_Project\uitvoer\dike_48-2-3-A-1-A\scenario_scenario.
2025-12-11 03:12:16 PM - [raw.py:723] - pyogrio._io - INFO - Created 1 records
2025-12-11 03:12:16 PM - [raw.py:723] - pyogrio._io - INFO - Created 1 records
2025-12-11 03:12:16 PM - [raw.py:723] - pyogrio._io - INFO - Created 1 records
2025-12-11 03:12:16 PM - [raw.py:723] - pyogrio._io - INFO - Created 1 records
2025-12-11 03:12:16 PM - [koswat_handler.py:80] - root - INFO - Exported summary results to: C:\Users\stouten\GitHub\Repos\Koswat\basic_case\Voorbeeld_Project\uitvoer\dike_48-2-3-A-1-A\scenario_scenario
2025-12-11 03:12:18 PM - [koswat_handler.py:92] - root - INFO - Exported comparison plots to: C:\Users\stouten\GitHub\Repos\Koswat\basic_case\Voorbeeld_Project\uitvoer\dike_48-2-3-A-1-A\scenario_scenario
2025-12-11 03:12:19 PM - [koswat_handler.py:92] - root - INFO - Exported comparison plots to: C:\Users\stouten\GitHub\Repos\Koswat\basic_case\Voorbeeld_Project\uitvoer\dike_48-2-3-A-1-A\scenario_scenario
2025-12-11 03:12:20 PM - [koswat_handler.py:92] - root - INFO - Exported comparison plots to: C:\Users\stouten\GitHub\Repos\Koswat\basic_case\Voorbeeld_Project\uitvoer\dike_48-2-3-A-1-A\scenario_scenario
2025-12-11 03:12:21 PM - [koswat_handler.py:92] - root - INFO - Exported comparison plots to: C:\Users\stouten\GitHub\Repos\Koswat\basic_case\Voorbeeld_Project\uitvoer\dike_48-2-3-A-1-A\scenario_scenario
2025-12-11 03:12:22 PM - [koswat_handler.py:92] - root - INFO - Exported comparison plots to: C:\Users\stouten\GitHub\Repos\Koswat\basic_case\Voorbeeld_Project\uitvoer\dike_48-2-3-A-1-A\scenario_scenario
2025-12-11 03:12:22 PM - [koswat_summary_builder.py:140] - root - INFO - Creating analysis for 48-2-3-A-1-B - scenario  - scenario
2025-12-11 03:12:22 PM - [reinforcement_profile_builder_base.py:85] - root - INFO - Building reinforcement SoilReinforcementProfile
2025-12-11 03:12:22 PM - [reinforcement_profile_builder_base.py:95] - root - INFO - Built reinforcement Grondmaatregel profiel
2025-12-11 03:12:22 PM - [reinforcement_profile_builder_base.py:85] - root - INFO - Building reinforcement VPSReinforcementProfile
2025-12-11 03:12:22 PM - [reinforcement_profile_builder_base.py:95] - root - INFO - Built reinforcement Verticale piping oplossing
2025-12-11 03:12:22 PM - [reinforcement_profile_builder_base.py:85] - root - INFO - Building reinforcement PipingWallReinforcementProfile
2025-12-11 03:12:22 PM - [reinforcement_profile_builder_base.py:95] - root - INFO - Built reinforcement Kwelscherm
2025-12-11 03:12:22 PM - [reinforcement_profile_builder_base.py:85] - root - INFO - Building reinforcement StabilityWallReinforcementProfile
2025-12-11 03:12:22 PM - [reinforcement_profile_builder_base.py:95] - root - INFO - Built reinforcement Stabiliteitswand
2025-12-11 03:12:22 PM - [reinforcement_profile_builder_base.py:85] - root - INFO - Building reinforcement CofferdamReinforcementProfile
2025-12-11 03:12:22 PM - [reinforcement_profile_builder_base.py:95] - root - INFO - Built reinforcement Kistdam
2025-12-11 03:12:27 PM - [koswat_summary_location_matrix_builder.py:137] - root - INFO - Initalizing locations-reinforcements matrix.
2025-12-11 03:12:29 PM - [koswat_summary_location_matrix_builder.py:176] - root - INFO - Finalized locations-reinforcements matrix.
2025-12-11 03:12:30 PM - [order_strategy_clustering.py:90] - root - INFO - Non-compliant clusters found for Grondmaatregel profiel: 0
2025-12-11 03:12:30 PM - [order_strategy_clustering.py:90] - root - INFO - Non-compliant clusters found for Stabiliteitswand: 0
2025-12-11 03:13:46 PM - [koswat_handler.py:66] - root - INFO - Analysis created.
2025-12-11 03:13:46 PM - [koswat_handler.py:74] - root - INFO - Exporting csv results to C:\Users\stouten\GitHub\Repos\Koswat\basic_case\Voorbeeld_Project\uitvoer\dike_48-2-3-A-1-B\scenario_scenario.
2025-12-11 03:13:51 PM - [raw.py:723] - pyogrio._io - INFO - Created 3 records
2025-12-11 03:13:51 PM - [raw.py:723] - pyogrio._io - INFO - Created 3 records
2025-12-11 03:13:51 PM - [raw.py:723] - pyogrio._io - INFO - Created 3 records
2025-12-11 03:13:52 PM - [raw.py:723] - pyogrio._io - INFO - Created 3 records
2025-12-11 03:13:52 PM - [koswat_handler.py:80] - root - INFO - Exported summary results to: C:\Users\stouten\GitHub\Repos\Koswat\basic_case\Voorbeeld_Project\uitvoer\dike_48-2-3-A-1-B\scenario_scenario
2025-12-11 03:13:54 PM - [koswat_handler.py:92] - root - INFO - Exported comparison plots to: C:\Users\stouten\GitHub\Repos\Koswat\basic_case\Voorbeeld_Project\uitvoer\dike_48-2-3-A-1-B\scenario_scenario
2025-12-11 03:13:55 PM - [koswat_handler.py:92] - root - INFO - Exported comparison plots to: C:\Users\stouten\GitHub\Repos\Koswat\basic_case\Voorbeeld_Project\uitvoer\dike_48-2-3-A-1-B\scenario_scenario
2025-12-11 03:13:57 PM - [koswat_handler.py:92] - root - INFO - Exported comparison plots to: C:\Users\stouten\GitHub\Repos\Koswat\basic_case\Voorbeeld_Project\uitvoer\dike_48-2-3-A-1-B\scenario_scenario
2025-12-11 03:13:58 PM - [koswat_handler.py:92] - root - INFO - Exported comparison plots to: C:\Users\stouten\GitHub\Repos\Koswat\basic_case\Voorbeeld_Project\uitvoer\dike_48-2-3-A-1-B\scenario_scenario
2025-12-11 03:14:00 PM - [koswat_handler.py:92] - root - INFO - Exported comparison plots to: C:\Users\stouten\GitHub\Repos\Koswat\basic_case\Voorbeeld_Project\uitvoer\dike_48-2-3-A-1-B\scenario_scenario
2025-12-11 03:14:00 PM - [koswat_summary_builder.py:140] - root - INFO - Creating analysis for 48-2-3-A-1-C - scenario  - scenario
2025-12-11 03:14:00 PM - [reinforcement_profile_builder_base.py:85] - root - INFO - Building reinforcement SoilReinforcementProfile
2025-12-11 03:14:00 PM - [reinforcement_profile_builder_base.py:95] - root - INFO - Built reinforcement Grondmaatregel profiel
2025-12-11 03:14:00 PM - [reinforcement_profile_builder_base.py:85] - root - INFO - Building reinforcement VPSReinforcementProfile
2025-12-11 03:14:00 PM - [reinforcement_profile_builder_base.py:95] - root - INFO - Built reinforcement Verticale piping oplossing
2025-12-11 03:14:00 PM - [reinforcement_profile_builder_base.py:85] - root - INFO - Building reinforcement PipingWallReinforcementProfile
2025-12-11 03:14:00 PM - [reinforcement_profile_builder_base.py:95] - root - INFO - Built reinforcement Kwelscherm
2025-12-11 03:14:00 PM - [reinforcement_profile_builder_base.py:85] - root - INFO - Building reinforcement StabilityWallReinforcementProfile
2025-12-11 03:14:00 PM - [reinforcement_profile_builder_base.py:95] - root - INFO - Built reinforcement Stabiliteitswand
2025-12-11 03:14:00 PM - [reinforcement_profile_builder_base.py:85] - root - INFO - Building reinforcement CofferdamReinforcementProfile
2025-12-11 03:14:00 PM - [reinforcement_profile_builder_base.py:95] - root - INFO - Built reinforcement Kistdam
2025-12-11 03:14:03 PM - [koswat_summary_location_matrix_builder.py:137] - root - INFO - Initalizing locations-reinforcements matrix.
2025-12-11 03:14:04 PM - [koswat_summary_location_matrix_builder.py:176] - root - INFO - Finalized locations-reinforcements matrix.
2025-12-11 03:14:04 PM - [order_strategy_clustering.py:90] - root - INFO - Non-compliant clusters found for Grondmaatregel profiel: 0
2025-12-11 03:14:04 PM - [order_strategy_clustering.py:90] - root - INFO - Non-compliant clusters found for Stabiliteitswand: 1
2025-12-11 03:14:16 PM - [koswat_handler.py:66] - root - INFO - Analysis created.
2025-12-11 03:14:16 PM - [koswat_handler.py:74] - root - INFO - Exporting csv results to C:\Users\stouten\GitHub\Repos\Koswat\basic_case\Voorbeeld_Project\uitvoer\dike_48-2-3-A-1-C\scenario_scenario.
2025-12-11 03:14:18 PM - [raw.py:723] - pyogrio._io - INFO - Created 3 records
2025-12-11 03:14:18 PM - [raw.py:723] - pyogrio._io - INFO - Created 3 records
2025-12-11 03:14:18 PM - [raw.py:723] - pyogrio._io - INFO - Created 3 records
2025-12-11 03:14:18 PM - [raw.py:723] - pyogrio._io - INFO - Created 3 records
2025-12-11 03:14:18 PM - [koswat_handler.py:80] - root - INFO - Exported summary results to: C:\Users\stouten\GitHub\Repos\Koswat\basic_case\Voorbeeld_Project\uitvoer\dike_48-2-3-A-1-C\scenario_scenario
2025-12-11 03:14:20 PM - [koswat_handler.py:92] - root - INFO - Exported comparison plots to: C:\Users\stouten\GitHub\Repos\Koswat\basic_case\Voorbeeld_Project\uitvoer\dike_48-2-3-A-1-C\scenario_scenario
2025-12-11 03:14:21 PM - [koswat_handler.py:92] - root - INFO - Exported comparison plots to: C:\Users\stouten\GitHub\Repos\Koswat\basic_case\Voorbeeld_Project\uitvoer\dike_48-2-3-A-1-C\scenario_scenario
2025-12-11 03:14:22 PM - [koswat_handler.py:92] - root - INFO - Exported comparison plots to: C:\Users\stouten\GitHub\Repos\Koswat\basic_case\Voorbeeld_Project\uitvoer\dike_48-2-3-A-1-C\scenario_scenario
2025-12-11 03:14:24 PM - [koswat_handler.py:92] - root - INFO - Exported comparison plots to: C:\Users\stouten\GitHub\Repos\Koswat\basic_case\Voorbeeld_Project\uitvoer\dike_48-2-3-A-1-C\scenario_scenario
2025-12-11 03:14:25 PM - [koswat_handler.py:92] - root - INFO - Exported comparison plots to: C:\Users\stouten\GitHub\Repos\Koswat\basic_case\Voorbeeld_Project\uitvoer\dike_48-2-3-A-1-C\scenario_scenario
2025-12-11 03:14:25 PM - [koswat_summary_builder.py:140] - root - INFO - Creating analysis for 48-2-3-A-2-A - scenario  - scenario
2025-12-11 03:14:25 PM - [reinforcement_profile_builder_base.py:85] - root - INFO - Building reinforcement SoilReinforcementProfile
2025-12-11 03:14:25 PM - [reinforcement_profile_builder_base.py:95] - root - INFO - Built reinforcement Grondmaatregel profiel
2025-12-11 03:14:25 PM - [reinforcement_profile_builder_base.py:85] - root - INFO - Building reinforcement VPSReinforcementProfile
2025-12-11 03:14:25 PM - [reinforcement_profile_builder_base.py:95] - root - INFO - Built reinforcement Verticale piping oplossing
2025-12-11 03:14:25 PM - [reinforcement_profile_builder_base.py:85] - root - INFO - Building reinforcement PipingWallReinforcementProfile
2025-12-11 03:14:25 PM - [reinforcement_profile_builder_base.py:95] - root - INFO - Built reinforcement Kwelscherm
2025-12-11 03:14:25 PM - [reinforcement_profile_builder_base.py:85] - root - INFO - Building reinforcement StabilityWallReinforcementProfile
2025-12-11 03:14:25 PM - [reinforcement_profile_builder_base.py:95] - root - INFO - Built reinforcement Stabiliteitswand
2025-12-11 03:14:25 PM - [reinforcement_profile_builder_base.py:85] - root - INFO - Building reinforcement CofferdamReinforcementProfile
2025-12-11 03:14:25 PM - [reinforcement_profile_builder_base.py:95] - root - INFO - Built reinforcement Kistdam
2025-12-11 03:14:28 PM - [koswat_summary_location_matrix_builder.py:137] - root - INFO - Initalizing locations-reinforcements matrix.
2025-12-11 03:14:29 PM - [koswat_summary_location_matrix_builder.py:176] - root - INFO - Finalized locations-reinforcements matrix.
2025-12-11 03:14:29 PM - [order_strategy_clustering.py:90] - root - INFO - Non-compliant clusters found for Grondmaatregel profiel: 2
2025-12-11 03:14:29 PM - [order_strategy_clustering.py:90] - root - INFO - Non-compliant clusters found for Stabiliteitswand: 9
2025-12-11 03:14:30 PM - [koswat_handler.py:66] - root - INFO - Analysis created.
2025-12-11 03:14:31 PM - [koswat_handler.py:74] - root - INFO - Exporting csv results to C:\Users\stouten\GitHub\Repos\Koswat\basic_case\Voorbeeld_Project\uitvoer\dike_48-2-3-A-2-A\scenario_scenario.
2025-12-11 03:14:33 PM - [raw.py:723] - pyogrio._io - INFO - Created 21 records
2025-12-11 03:14:33 PM - [raw.py:723] - pyogrio._io - INFO - Created 21 records
2025-12-11 03:14:33 PM - [raw.py:723] - pyogrio._io - INFO - Created 21 records
2025-12-11 03:14:33 PM - [raw.py:723] - pyogrio._io - INFO - Created 21 records
2025-12-11 03:14:33 PM - [koswat_handler.py:80] - root - INFO - Exported summary results to: C:\Users\stouten\GitHub\Repos\Koswat\basic_case\Voorbeeld_Project\uitvoer\dike_48-2-3-A-2-A\scenario_scenario
2025-12-11 03:14:35 PM - [koswat_handler.py:92] - root - INFO - Exported comparison plots to: C:\Users\stouten\GitHub\Repos\Koswat\basic_case\Voorbeeld_Project\uitvoer\dike_48-2-3-A-2-A\scenario_scenario
2025-12-11 03:14:36 PM - [koswat_handler.py:92] - root - INFO - Exported comparison plots to: C:\Users\stouten\GitHub\Repos\Koswat\basic_case\Voorbeeld_Project\uitvoer\dike_48-2-3-A-2-A\scenario_scenario
2025-12-11 03:14:38 PM - [koswat_handler.py:92] - root - INFO - Exported comparison plots to: C:\Users\stouten\GitHub\Repos\Koswat\basic_case\Voorbeeld_Project\uitvoer\dike_48-2-3-A-2-A\scenario_scenario
2025-12-11 03:14:39 PM - [koswat_handler.py:92] - root - INFO - Exported comparison plots to: C:\Users\stouten\GitHub\Repos\Koswat\basic_case\Voorbeeld_Project\uitvoer\dike_48-2-3-A-2-A\scenario_scenario
2025-12-11 03:14:41 PM - [koswat_handler.py:92] - root - INFO - Exported comparison plots to: C:\Users\stouten\GitHub\Repos\Koswat\basic_case\Voorbeeld_Project\uitvoer\dike_48-2-3-A-2-A\scenario_scenario
2025-12-11 03:14:41 PM - [koswat_handler.py:144] - root - INFO - Finalized Koswat.
